2020-09-21 16:19:27,223 - INFO - Request received for new bloodgroup distribution
2020-09-21 16:19:27,225 - INFO - Blood distribution created, ethnicity: c:1.0, n:0, a:0
2020-09-21 16:19:27,226 - INFO - Other dataset used: demand
2020-09-21 16:19:27,226 - INFO - Distribution returned with antigens: ['A', 'B', 'D']
2020-09-21 16:19:27,226 - INFO - Request received for new bloodgroup distribution
2020-09-21 16:19:27,227 - INFO - Blood distribution created, ethnicity: c:1.0, n:0, a:0
2020-09-21 16:19:27,227 - INFO - Other dataset used: supply
2020-09-21 16:19:27,227 - INFO - Distribution returned with antigens: ['A', 'B', 'D']
2020-09-21 16:19:27,232 - WARNING - From /Users/ronaldwarmels/anaconda3/envs/tensorflow1/lib/python3.7/site-packages/stable_baselines/common/tf_util.py:191: The name tf.ConfigProto is deprecated. Please use tf.compat.v1.ConfigProto instead.

2020-09-21 16:19:27,233 - WARNING - From /Users/ronaldwarmels/anaconda3/envs/tensorflow1/lib/python3.7/site-packages/stable_baselines/common/tf_util.py:200: The name tf.Session is deprecated. Please use tf.compat.v1.Session instead.

2020-09-21 16:19:27,236 - WARNING - From /Users/ronaldwarmels/anaconda3/envs/tensorflow1/lib/python3.7/site-packages/stable_baselines/common/policies.py:116: The name tf.variable_scope is deprecated. Please use tf.compat.v1.variable_scope instead.

2020-09-21 16:19:27,237 - WARNING - From /Users/ronaldwarmels/anaconda3/envs/tensorflow1/lib/python3.7/site-packages/stable_baselines/common/input.py:25: The name tf.placeholder is deprecated. Please use tf.compat.v1.placeholder instead.

2020-09-21 16:19:27,241 - WARNING - From /Users/ronaldwarmels/anaconda3/envs/tensorflow1/lib/python3.7/site-packages/stable_baselines/common/policies.py:561: flatten (from tensorflow.python.layers.core) is deprecated and will be removed in a future version.
Instructions for updating:
Use keras.layers.flatten instead.
2020-09-21 16:19:27,241 - WARNING - From /Users/ronaldwarmels/anaconda3/envs/tensorflow1/lib/python3.7/site-packages/tensorflow_core/python/layers/core.py:332: Layer.apply (from tensorflow.python.keras.engine.base_layer) is deprecated and will be removed in a future version.
Instructions for updating:
Please use `layer.__call__` method instead.
2020-09-21 16:19:27,252 - WARNING - From /Users/ronaldwarmels/anaconda3/envs/tensorflow1/lib/python3.7/site-packages/stable_baselines/common/tf_layers.py:123: The name tf.get_variable is deprecated. Please use tf.compat.v1.get_variable instead.

2020-09-21 16:19:27,301 - WARNING - From /Users/ronaldwarmels/anaconda3/envs/tensorflow1/lib/python3.7/site-packages/stable_baselines/common/distributions.py:326: The name tf.random_uniform is deprecated. Please use tf.random.uniform instead.

2020-09-21 16:19:27,304 - WARNING - From /Users/ronaldwarmels/anaconda3/envs/tensorflow1/lib/python3.7/site-packages/stable_baselines/common/distributions.py:327: The name tf.log is deprecated. Please use tf.math.log instead.

2020-09-21 16:19:27,408 - WARNING - From /Users/ronaldwarmels/anaconda3/envs/tensorflow1/lib/python3.7/site-packages/stable_baselines/ppo2/ppo2.py:190: The name tf.summary.scalar is deprecated. Please use tf.compat.v1.summary.scalar instead.

2020-09-21 16:19:27,413 - WARNING - From /Users/ronaldwarmels/anaconda3/envs/tensorflow1/lib/python3.7/site-packages/stable_baselines/ppo2/ppo2.py:198: The name tf.trainable_variables is deprecated. Please use tf.compat.v1.trainable_variables instead.

2020-09-21 16:19:27,485 - WARNING - From /Users/ronaldwarmels/anaconda3/envs/tensorflow1/lib/python3.7/site-packages/tensorflow_core/python/ops/math_grad.py:1424: where (from tensorflow.python.ops.array_ops) is deprecated and will be removed in a future version.
Instructions for updating:
Use tf.where in 2.0, which has the same broadcast rule as np.where
2020-09-21 16:19:27,680 - WARNING - From /Users/ronaldwarmels/anaconda3/envs/tensorflow1/lib/python3.7/site-packages/stable_baselines/ppo2/ppo2.py:206: The name tf.train.AdamOptimizer is deprecated. Please use tf.compat.v1.train.AdamOptimizer instead.

2020-09-21 16:19:27,817 - WARNING - From /Users/ronaldwarmels/anaconda3/envs/tensorflow1/lib/python3.7/site-packages/stable_baselines/ppo2/ppo2.py:240: The name tf.global_variables_initializer is deprecated. Please use tf.compat.v1.global_variables_initializer instead.

2020-09-21 16:19:28,014 - WARNING - From /Users/ronaldwarmels/anaconda3/envs/tensorflow1/lib/python3.7/site-packages/stable_baselines/ppo2/ppo2.py:242: The name tf.summary.merge_all is deprecated. Please use tf.compat.v1.summary.merge_all instead.

2020-09-21 16:19:28,015 - WARNING - From /Users/ronaldwarmels/anaconda3/envs/tensorflow1/lib/python3.7/site-packages/stable_baselines/common/base_class.py:1143: The name tf.summary.FileWriter is deprecated. Please use tf.compat.v1.summary.FileWriter instead.

2020-09-21 16:21:15,473 - INFO - Request received for new bloodgroup distribution
2020-09-21 16:21:15,475 - INFO - Blood distribution created, ethnicity: c:1.0, n:0, a:0
2020-09-21 16:21:15,475 - INFO - Other dataset used: demand
2020-09-21 16:21:15,475 - INFO - Distribution returned with antigens: ['A', 'B', 'D']
2020-09-21 16:21:15,475 - INFO - Request received for new bloodgroup distribution
2020-09-21 16:21:15,475 - INFO - Blood distribution created, ethnicity: c:1.0, n:0, a:0
2020-09-21 16:21:15,476 - INFO - Other dataset used: supply
2020-09-21 16:21:15,476 - INFO - Distribution returned with antigens: ['A', 'B', 'D']
2020-09-21 16:21:15,479 - WARNING - From /Users/ronaldwarmels/anaconda3/envs/tensorflow1/lib/python3.7/site-packages/stable_baselines/common/tf_util.py:191: The name tf.ConfigProto is deprecated. Please use tf.compat.v1.ConfigProto instead.

2020-09-21 16:21:15,479 - WARNING - From /Users/ronaldwarmels/anaconda3/envs/tensorflow1/lib/python3.7/site-packages/stable_baselines/common/tf_util.py:200: The name tf.Session is deprecated. Please use tf.compat.v1.Session instead.

2020-09-21 16:21:15,480 - WARNING - From /Users/ronaldwarmels/anaconda3/envs/tensorflow1/lib/python3.7/site-packages/stable_baselines/common/policies.py:116: The name tf.variable_scope is deprecated. Please use tf.compat.v1.variable_scope instead.

2020-09-21 16:21:15,480 - WARNING - From /Users/ronaldwarmels/anaconda3/envs/tensorflow1/lib/python3.7/site-packages/stable_baselines/common/input.py:25: The name tf.placeholder is deprecated. Please use tf.compat.v1.placeholder instead.

2020-09-21 16:21:15,481 - WARNING - From /Users/ronaldwarmels/anaconda3/envs/tensorflow1/lib/python3.7/site-packages/stable_baselines/common/policies.py:561: flatten (from tensorflow.python.layers.core) is deprecated and will be removed in a future version.
Instructions for updating:
Use keras.layers.flatten instead.
2020-09-21 16:21:15,482 - WARNING - From /Users/ronaldwarmels/anaconda3/envs/tensorflow1/lib/python3.7/site-packages/tensorflow_core/python/layers/core.py:332: Layer.apply (from tensorflow.python.keras.engine.base_layer) is deprecated and will be removed in a future version.
Instructions for updating:
Please use `layer.__call__` method instead.
2020-09-21 16:21:15,487 - WARNING - From /Users/ronaldwarmels/anaconda3/envs/tensorflow1/lib/python3.7/site-packages/stable_baselines/common/tf_layers.py:123: The name tf.get_variable is deprecated. Please use tf.compat.v1.get_variable instead.

2020-09-21 16:21:15,533 - WARNING - From /Users/ronaldwarmels/anaconda3/envs/tensorflow1/lib/python3.7/site-packages/stable_baselines/common/distributions.py:326: The name tf.random_uniform is deprecated. Please use tf.random.uniform instead.

2020-09-21 16:21:15,535 - WARNING - From /Users/ronaldwarmels/anaconda3/envs/tensorflow1/lib/python3.7/site-packages/stable_baselines/common/distributions.py:327: The name tf.log is deprecated. Please use tf.math.log instead.

2020-09-21 16:21:15,633 - WARNING - From /Users/ronaldwarmels/anaconda3/envs/tensorflow1/lib/python3.7/site-packages/stable_baselines/ppo2/ppo2.py:190: The name tf.summary.scalar is deprecated. Please use tf.compat.v1.summary.scalar instead.

2020-09-21 16:21:15,638 - WARNING - From /Users/ronaldwarmels/anaconda3/envs/tensorflow1/lib/python3.7/site-packages/stable_baselines/ppo2/ppo2.py:198: The name tf.trainable_variables is deprecated. Please use tf.compat.v1.trainable_variables instead.

2020-09-21 16:21:15,706 - WARNING - From /Users/ronaldwarmels/anaconda3/envs/tensorflow1/lib/python3.7/site-packages/tensorflow_core/python/ops/math_grad.py:1424: where (from tensorflow.python.ops.array_ops) is deprecated and will be removed in a future version.
Instructions for updating:
Use tf.where in 2.0, which has the same broadcast rule as np.where
2020-09-21 16:21:15,976 - WARNING - From /Users/ronaldwarmels/anaconda3/envs/tensorflow1/lib/python3.7/site-packages/stable_baselines/ppo2/ppo2.py:206: The name tf.train.AdamOptimizer is deprecated. Please use tf.compat.v1.train.AdamOptimizer instead.

2020-09-21 16:21:16,095 - WARNING - From /Users/ronaldwarmels/anaconda3/envs/tensorflow1/lib/python3.7/site-packages/stable_baselines/ppo2/ppo2.py:240: The name tf.global_variables_initializer is deprecated. Please use tf.compat.v1.global_variables_initializer instead.

2020-09-21 16:21:16,237 - WARNING - From /Users/ronaldwarmels/anaconda3/envs/tensorflow1/lib/python3.7/site-packages/stable_baselines/ppo2/ppo2.py:242: The name tf.summary.merge_all is deprecated. Please use tf.compat.v1.summary.merge_all instead.

2020-09-21 16:21:16,238 - WARNING - From /Users/ronaldwarmels/anaconda3/envs/tensorflow1/lib/python3.7/site-packages/stable_baselines/common/base_class.py:1143: The name tf.summary.FileWriter is deprecated. Please use tf.compat.v1.summary.FileWriter instead.

2020-09-21 16:21:41,599 - WARNING - From /Users/ronaldwarmels/anaconda3/envs/tensorflow1/lib/python3.7/site-packages/stable_baselines/common/tf_util.py:502: The name tf.Summary is deprecated. Please use tf.compat.v1.Summary instead.

2020-09-21 16:27:26,066 - INFO - Request received for new bloodgroup distribution
2020-09-21 16:27:26,067 - INFO - Blood distribution created, ethnicity: c:1.0, n:0, a:0
2020-09-21 16:27:26,068 - INFO - Other dataset used: demand
2020-09-21 16:27:26,068 - INFO - Distribution returned with antigens: ['A', 'B', 'D']
2020-09-21 16:27:26,068 - INFO - Request received for new bloodgroup distribution
2020-09-21 16:27:26,068 - INFO - Blood distribution created, ethnicity: c:1.0, n:0, a:0
2020-09-21 16:27:26,069 - INFO - Other dataset used: supply
2020-09-21 16:27:26,069 - INFO - Distribution returned with antigens: ['A', 'B', 'D']
2020-09-21 16:27:26,072 - WARNING - From /Users/ronaldwarmels/anaconda3/envs/tensorflow1/lib/python3.7/site-packages/stable_baselines/common/tf_util.py:191: The name tf.ConfigProto is deprecated. Please use tf.compat.v1.ConfigProto instead.

2020-09-21 16:27:26,072 - WARNING - From /Users/ronaldwarmels/anaconda3/envs/tensorflow1/lib/python3.7/site-packages/stable_baselines/common/tf_util.py:200: The name tf.Session is deprecated. Please use tf.compat.v1.Session instead.

2020-09-21 16:27:26,073 - WARNING - From /Users/ronaldwarmels/anaconda3/envs/tensorflow1/lib/python3.7/site-packages/stable_baselines/common/policies.py:116: The name tf.variable_scope is deprecated. Please use tf.compat.v1.variable_scope instead.

2020-09-21 16:27:26,073 - WARNING - From /Users/ronaldwarmels/anaconda3/envs/tensorflow1/lib/python3.7/site-packages/stable_baselines/common/input.py:25: The name tf.placeholder is deprecated. Please use tf.compat.v1.placeholder instead.

2020-09-21 16:27:26,074 - WARNING - From /Users/ronaldwarmels/anaconda3/envs/tensorflow1/lib/python3.7/site-packages/stable_baselines/common/policies.py:561: flatten (from tensorflow.python.layers.core) is deprecated and will be removed in a future version.
Instructions for updating:
Use keras.layers.flatten instead.
2020-09-21 16:27:26,075 - WARNING - From /Users/ronaldwarmels/anaconda3/envs/tensorflow1/lib/python3.7/site-packages/tensorflow_core/python/layers/core.py:332: Layer.apply (from tensorflow.python.keras.engine.base_layer) is deprecated and will be removed in a future version.
Instructions for updating:
Please use `layer.__call__` method instead.
2020-09-21 16:27:26,080 - WARNING - From /Users/ronaldwarmels/anaconda3/envs/tensorflow1/lib/python3.7/site-packages/stable_baselines/common/tf_layers.py:123: The name tf.get_variable is deprecated. Please use tf.compat.v1.get_variable instead.

2020-09-21 16:27:26,127 - WARNING - From /Users/ronaldwarmels/anaconda3/envs/tensorflow1/lib/python3.7/site-packages/stable_baselines/common/distributions.py:326: The name tf.random_uniform is deprecated. Please use tf.random.uniform instead.

2020-09-21 16:27:26,129 - WARNING - From /Users/ronaldwarmels/anaconda3/envs/tensorflow1/lib/python3.7/site-packages/stable_baselines/common/distributions.py:327: The name tf.log is deprecated. Please use tf.math.log instead.

2020-09-21 16:27:26,229 - WARNING - From /Users/ronaldwarmels/anaconda3/envs/tensorflow1/lib/python3.7/site-packages/stable_baselines/ppo2/ppo2.py:190: The name tf.summary.scalar is deprecated. Please use tf.compat.v1.summary.scalar instead.

2020-09-21 16:27:26,233 - WARNING - From /Users/ronaldwarmels/anaconda3/envs/tensorflow1/lib/python3.7/site-packages/stable_baselines/ppo2/ppo2.py:198: The name tf.trainable_variables is deprecated. Please use tf.compat.v1.trainable_variables instead.

2020-09-21 16:27:26,248 - WARNING - From /Users/ronaldwarmels/anaconda3/envs/tensorflow1/lib/python3.7/site-packages/tensorflow_core/python/ops/math_grad.py:1424: where (from tensorflow.python.ops.array_ops) is deprecated and will be removed in a future version.
Instructions for updating:
Use tf.where in 2.0, which has the same broadcast rule as np.where
2020-09-21 16:27:26,469 - WARNING - From /Users/ronaldwarmels/anaconda3/envs/tensorflow1/lib/python3.7/site-packages/stable_baselines/ppo2/ppo2.py:206: The name tf.train.AdamOptimizer is deprecated. Please use tf.compat.v1.train.AdamOptimizer instead.

2020-09-21 16:27:26,579 - WARNING - From /Users/ronaldwarmels/anaconda3/envs/tensorflow1/lib/python3.7/site-packages/stable_baselines/ppo2/ppo2.py:240: The name tf.global_variables_initializer is deprecated. Please use tf.compat.v1.global_variables_initializer instead.

2020-09-21 16:27:26,734 - WARNING - From /Users/ronaldwarmels/anaconda3/envs/tensorflow1/lib/python3.7/site-packages/stable_baselines/ppo2/ppo2.py:242: The name tf.summary.merge_all is deprecated. Please use tf.compat.v1.summary.merge_all instead.

2020-09-21 16:27:26,735 - WARNING - From /Users/ronaldwarmels/anaconda3/envs/tensorflow1/lib/python3.7/site-packages/stable_baselines/common/base_class.py:1143: The name tf.summary.FileWriter is deprecated. Please use tf.compat.v1.summary.FileWriter instead.

2020-09-21 16:27:51,215 - WARNING - From /Users/ronaldwarmels/anaconda3/envs/tensorflow1/lib/python3.7/site-packages/stable_baselines/common/tf_util.py:502: The name tf.Summary is deprecated. Please use tf.compat.v1.Summary instead.

2020-09-21 16:28:50,161 - INFO - Request received for new bloodgroup distribution
2020-09-21 16:28:50,162 - INFO - Blood distribution created, ethnicity: c:1.0, n:0, a:0
2020-09-21 16:28:50,163 - INFO - Other dataset used: demand
2020-09-21 16:28:50,163 - INFO - Distribution returned with antigens: ['A', 'B', 'D']
2020-09-21 16:28:50,163 - INFO - Request received for new bloodgroup distribution
2020-09-21 16:28:50,163 - INFO - Blood distribution created, ethnicity: c:1.0, n:0, a:0
2020-09-21 16:28:50,164 - INFO - Other dataset used: supply
2020-09-21 16:28:50,164 - INFO - Distribution returned with antigens: ['A', 'B', 'D']
2020-09-21 16:28:50,167 - WARNING - From /Users/ronaldwarmels/anaconda3/envs/tensorflow1/lib/python3.7/site-packages/stable_baselines/common/tf_util.py:191: The name tf.ConfigProto is deprecated. Please use tf.compat.v1.ConfigProto instead.

2020-09-21 16:28:50,167 - WARNING - From /Users/ronaldwarmels/anaconda3/envs/tensorflow1/lib/python3.7/site-packages/stable_baselines/common/tf_util.py:200: The name tf.Session is deprecated. Please use tf.compat.v1.Session instead.

2020-09-21 16:28:50,168 - WARNING - From /Users/ronaldwarmels/anaconda3/envs/tensorflow1/lib/python3.7/site-packages/stable_baselines/common/policies.py:116: The name tf.variable_scope is deprecated. Please use tf.compat.v1.variable_scope instead.

2020-09-21 16:28:50,169 - WARNING - From /Users/ronaldwarmels/anaconda3/envs/tensorflow1/lib/python3.7/site-packages/stable_baselines/common/input.py:25: The name tf.placeholder is deprecated. Please use tf.compat.v1.placeholder instead.

2020-09-21 16:28:50,170 - WARNING - From /Users/ronaldwarmels/anaconda3/envs/tensorflow1/lib/python3.7/site-packages/stable_baselines/common/policies.py:561: flatten (from tensorflow.python.layers.core) is deprecated and will be removed in a future version.
Instructions for updating:
Use keras.layers.flatten instead.
2020-09-21 16:28:50,171 - WARNING - From /Users/ronaldwarmels/anaconda3/envs/tensorflow1/lib/python3.7/site-packages/tensorflow_core/python/layers/core.py:332: Layer.apply (from tensorflow.python.keras.engine.base_layer) is deprecated and will be removed in a future version.
Instructions for updating:
Please use `layer.__call__` method instead.
2020-09-21 16:28:50,176 - WARNING - From /Users/ronaldwarmels/anaconda3/envs/tensorflow1/lib/python3.7/site-packages/stable_baselines/common/tf_layers.py:123: The name tf.get_variable is deprecated. Please use tf.compat.v1.get_variable instead.

2020-09-21 16:28:50,251 - WARNING - From /Users/ronaldwarmels/anaconda3/envs/tensorflow1/lib/python3.7/site-packages/stable_baselines/common/distributions.py:326: The name tf.random_uniform is deprecated. Please use tf.random.uniform instead.

2020-09-21 16:28:50,254 - WARNING - From /Users/ronaldwarmels/anaconda3/envs/tensorflow1/lib/python3.7/site-packages/stable_baselines/common/distributions.py:327: The name tf.log is deprecated. Please use tf.math.log instead.

2020-09-21 16:28:50,351 - WARNING - From /Users/ronaldwarmels/anaconda3/envs/tensorflow1/lib/python3.7/site-packages/stable_baselines/ppo2/ppo2.py:190: The name tf.summary.scalar is deprecated. Please use tf.compat.v1.summary.scalar instead.

2020-09-21 16:28:50,355 - WARNING - From /Users/ronaldwarmels/anaconda3/envs/tensorflow1/lib/python3.7/site-packages/stable_baselines/ppo2/ppo2.py:198: The name tf.trainable_variables is deprecated. Please use tf.compat.v1.trainable_variables instead.

2020-09-21 16:28:50,369 - WARNING - From /Users/ronaldwarmels/anaconda3/envs/tensorflow1/lib/python3.7/site-packages/tensorflow_core/python/ops/math_grad.py:1424: where (from tensorflow.python.ops.array_ops) is deprecated and will be removed in a future version.
Instructions for updating:
Use tf.where in 2.0, which has the same broadcast rule as np.where
2020-09-21 16:28:50,612 - WARNING - From /Users/ronaldwarmels/anaconda3/envs/tensorflow1/lib/python3.7/site-packages/stable_baselines/ppo2/ppo2.py:206: The name tf.train.AdamOptimizer is deprecated. Please use tf.compat.v1.train.AdamOptimizer instead.

2020-09-21 16:28:50,714 - WARNING - From /Users/ronaldwarmels/anaconda3/envs/tensorflow1/lib/python3.7/site-packages/stable_baselines/ppo2/ppo2.py:240: The name tf.global_variables_initializer is deprecated. Please use tf.compat.v1.global_variables_initializer instead.

2020-09-21 16:28:50,852 - WARNING - From /Users/ronaldwarmels/anaconda3/envs/tensorflow1/lib/python3.7/site-packages/stable_baselines/ppo2/ppo2.py:242: The name tf.summary.merge_all is deprecated. Please use tf.compat.v1.summary.merge_all instead.

2020-09-21 16:28:50,856 - WARNING - From /Users/ronaldwarmels/anaconda3/envs/tensorflow1/lib/python3.7/site-packages/stable_baselines/common/base_class.py:1143: The name tf.summary.FileWriter is deprecated. Please use tf.compat.v1.summary.FileWriter instead.

2020-09-21 16:29:19,631 - INFO - Request received for new bloodgroup distribution
2020-09-21 16:29:19,631 - INFO - Blood distribution created, ethnicity: c:1.0, n:0, a:0
2020-09-21 16:29:19,632 - INFO - Other dataset used: demand
2020-09-21 16:29:19,632 - INFO - Distribution returned with antigens: ['A', 'B', 'D']
2020-09-21 16:29:19,632 - INFO - Request received for new bloodgroup distribution
2020-09-21 16:29:19,633 - INFO - Blood distribution created, ethnicity: c:1.0, n:0, a:0
2020-09-21 16:29:19,633 - INFO - Other dataset used: supply
2020-09-21 16:29:19,633 - INFO - Distribution returned with antigens: ['A', 'B', 'D']
2020-09-21 16:29:19,637 - WARNING - From /Users/ronaldwarmels/anaconda3/envs/tensorflow1/lib/python3.7/site-packages/stable_baselines/common/tf_util.py:191: The name tf.ConfigProto is deprecated. Please use tf.compat.v1.ConfigProto instead.

2020-09-21 16:29:19,637 - WARNING - From /Users/ronaldwarmels/anaconda3/envs/tensorflow1/lib/python3.7/site-packages/stable_baselines/common/tf_util.py:200: The name tf.Session is deprecated. Please use tf.compat.v1.Session instead.

2020-09-21 16:29:19,638 - WARNING - From /Users/ronaldwarmels/anaconda3/envs/tensorflow1/lib/python3.7/site-packages/stable_baselines/common/policies.py:116: The name tf.variable_scope is deprecated. Please use tf.compat.v1.variable_scope instead.

2020-09-21 16:29:19,639 - WARNING - From /Users/ronaldwarmels/anaconda3/envs/tensorflow1/lib/python3.7/site-packages/stable_baselines/common/input.py:25: The name tf.placeholder is deprecated. Please use tf.compat.v1.placeholder instead.

2020-09-21 16:29:19,640 - WARNING - From /Users/ronaldwarmels/anaconda3/envs/tensorflow1/lib/python3.7/site-packages/stable_baselines/common/policies.py:561: flatten (from tensorflow.python.layers.core) is deprecated and will be removed in a future version.
Instructions for updating:
Use keras.layers.flatten instead.
2020-09-21 16:29:19,640 - WARNING - From /Users/ronaldwarmels/anaconda3/envs/tensorflow1/lib/python3.7/site-packages/tensorflow_core/python/layers/core.py:332: Layer.apply (from tensorflow.python.keras.engine.base_layer) is deprecated and will be removed in a future version.
Instructions for updating:
Please use `layer.__call__` method instead.
2020-09-21 16:29:19,647 - WARNING - From /Users/ronaldwarmels/anaconda3/envs/tensorflow1/lib/python3.7/site-packages/stable_baselines/common/tf_layers.py:123: The name tf.get_variable is deprecated. Please use tf.compat.v1.get_variable instead.

2020-09-21 16:29:19,711 - WARNING - From /Users/ronaldwarmels/anaconda3/envs/tensorflow1/lib/python3.7/site-packages/stable_baselines/common/distributions.py:326: The name tf.random_uniform is deprecated. Please use tf.random.uniform instead.

2020-09-21 16:29:19,714 - WARNING - From /Users/ronaldwarmels/anaconda3/envs/tensorflow1/lib/python3.7/site-packages/stable_baselines/common/distributions.py:327: The name tf.log is deprecated. Please use tf.math.log instead.

2020-09-21 16:29:19,829 - WARNING - From /Users/ronaldwarmels/anaconda3/envs/tensorflow1/lib/python3.7/site-packages/stable_baselines/ppo2/ppo2.py:190: The name tf.summary.scalar is deprecated. Please use tf.compat.v1.summary.scalar instead.

2020-09-21 16:29:19,834 - WARNING - From /Users/ronaldwarmels/anaconda3/envs/tensorflow1/lib/python3.7/site-packages/stable_baselines/ppo2/ppo2.py:198: The name tf.trainable_variables is deprecated. Please use tf.compat.v1.trainable_variables instead.

2020-09-21 16:29:19,850 - WARNING - From /Users/ronaldwarmels/anaconda3/envs/tensorflow1/lib/python3.7/site-packages/tensorflow_core/python/ops/math_grad.py:1424: where (from tensorflow.python.ops.array_ops) is deprecated and will be removed in a future version.
Instructions for updating:
Use tf.where in 2.0, which has the same broadcast rule as np.where
2020-09-21 16:29:20,117 - WARNING - From /Users/ronaldwarmels/anaconda3/envs/tensorflow1/lib/python3.7/site-packages/stable_baselines/ppo2/ppo2.py:206: The name tf.train.AdamOptimizer is deprecated. Please use tf.compat.v1.train.AdamOptimizer instead.

2020-09-21 16:29:20,239 - WARNING - From /Users/ronaldwarmels/anaconda3/envs/tensorflow1/lib/python3.7/site-packages/stable_baselines/ppo2/ppo2.py:240: The name tf.global_variables_initializer is deprecated. Please use tf.compat.v1.global_variables_initializer instead.

2020-09-21 16:29:20,425 - WARNING - From /Users/ronaldwarmels/anaconda3/envs/tensorflow1/lib/python3.7/site-packages/stable_baselines/ppo2/ppo2.py:242: The name tf.summary.merge_all is deprecated. Please use tf.compat.v1.summary.merge_all instead.

2020-09-21 16:29:20,426 - WARNING - From /Users/ronaldwarmels/anaconda3/envs/tensorflow1/lib/python3.7/site-packages/stable_baselines/common/base_class.py:1143: The name tf.summary.FileWriter is deprecated. Please use tf.compat.v1.summary.FileWriter instead.

2020-09-21 16:29:47,220 - WARNING - From /Users/ronaldwarmels/anaconda3/envs/tensorflow1/lib/python3.7/site-packages/stable_baselines/common/tf_util.py:502: The name tf.Summary is deprecated. Please use tf.compat.v1.Summary instead.

2020-09-21 16:30:26,991 - WARNING - Found more than one graph event per run, or there was a metagraph containing a graph_def, as well as one or more graph events.  Overwriting the graph with the newest event.
